\BOOKMARK [0][-]{chapter.0}{\376\377\000I\000n\000t\000r\000o\000d\000u\000c\000t\000i\000o\000n}{}% 1
\BOOKMARK [1][-]{section.0.1}{\376\377\000D\000e\000s\000i\000g\000n\000\040\000a\000n\000d\000\040\000A\000n\000a\000l\000y\000s\000i\000s}{chapter.0}% 2
\BOOKMARK [1][-]{section.0.2}{\376\377\000J\000a\000r\000g\000o\000n\000s}{chapter.0}% 3
\BOOKMARK [0][-]{chapter.1}{\376\377\000C\000o\000m\000p\000l\000e\000x\000i\000t\000y\000\040\000f\000o\000r\000\040\000a\000\040\000P\000r\000o\000b\000l\000e\000m}{}% 4
\BOOKMARK [1][-]{section.1.1}{\376\377\121\375\145\170\142\020\225\167\163\207\377\010\000R\000a\000t\000e\000\040\000o\000f\000\040\000G\000r\000o\000w\000t\000h\377\011}{chapter.1}% 5
\BOOKMARK [1][-]{section.1.2}{\376\377\142\020\225\167\163\207\166\204\153\324\217\003}{chapter.1}% 6
\BOOKMARK [1][-]{section.1.3}{\376\377\000B\000i\000g\000\040\000O\000h\000\040\000N\000o\000t\000a\000t\000i\000o\000n}{chapter.1}% 7
\BOOKMARK [1][-]{section.1.4}{\376\377\000B\000i\000g\000-\000O\000h\000\040\166\204\220\113\173\227}{chapter.1}% 8
\BOOKMARK [1][-]{section.1.5}{\376\377\000M\000o\000r\000e\000\040\000A\000s\000y\000m\000p\000t\000o\000t\000i\000c\000\040\000N\000o\000t\000a\000t\000i\000o\000n}{chapter.1}% 9
\BOOKMARK [1][-]{section.1.6}{\376\377\125\117\230\114\166\204\226\343\136\246}{chapter.1}% 10
\BOOKMARK [1][-]{section.1.7}{\376\377\157\024\173\227\154\325\211\007\226\334\136\246\153\324\217\003}{chapter.1}% 11
\BOOKMARK [1][-]{section.1.8}{\376\377\122\006\147\220\157\024\173\227\154\325\211\007\226\334\136\246\116\013\165\114}{chapter.1}% 12
\BOOKMARK [1][-]{section.1.9}{\376\377\125\117\230\114\116\012\116\013\165\114\000\040\000v\000s\000\040\157\024\173\227\154\325\116\012\116\013\165\114}{chapter.1}% 13
\BOOKMARK [0][-]{chapter.2}{\376\377\157\024\173\227\154\325\166\204\212\055\212\010\202\007\122\006\147\220}{}% 14
\BOOKMARK [1][-]{section.2.1}{\376\377\000H\000a\000l\000f\000\040\000S\000o\000r\000t\000e\000d}{chapter.2}% 15
\BOOKMARK [1][-]{section.2.2}{\376\377\000S\000o\000r\000t\000i\000n\000g\000\040\000P\000r\000o\000b\000l\000e\000m}{chapter.2}% 16
\BOOKMARK [1][-]{section.2.3}{\376\377\000A\000m\000o\000r\000t\000i\000z\000e\000d\000\040\000A\000n\000a\000l\000y\000s\000i\000s}{chapter.2}% 17
\BOOKMARK [0][-]{chapter.3}{\376\377\000A\000d\000v\000a\000n\000c\000e\000d\000\040\000A\000n\000a\000l\000y\000s\000i\000s\000\040\000T\000e\000c\000h\000n\000i\000q\000u\000e\000s}{}% 18
\BOOKMARK [1][-]{section.3.1}{\376\377\000G\000r\000e\000e\000d\000y\000\040\000A\000l\000g\000o\000r\000i\000t\000h\000m}{chapter.3}% 19
\BOOKMARK [1][-]{section.3.2}{\376\377\000D\000e\000v\000i\000d\000e\000\040\000a\000n\000d\000\040\000C\000o\000n\000q\000u\000e\000r}{chapter.3}% 20
\BOOKMARK [1][-]{section.3.3}{\376\377\000D\000y\000n\000a\000m\000i\000c\000\040\000P\000r\000o\000g\000r\000a\000m\000m\000i\000n\000g}{chapter.3}% 21
