\BOOKMARK [0][-]{chapter.0}{\376\377\000B\000a\000s\000i\000c\000\040\000K\000n\000o\000w\000l\000e\000d\000g\000e}{}% 1
\BOOKMARK [1][-]{section.0.1}{\376\377\000M\000a\000t\000h\000e\000m\000a\000t\000i\000c\000a\000l\000\040\000N\000o\000t\000i\000o\000n\000s}{chapter.0}% 2
\BOOKMARK [1][-]{section.0.2}{\376\377\000D\000e\000f\000i\000n\000i\000t\000i\000o\000n\000s\000,\000\040\000T\000h\000e\000o\000r\000e\000m\000s\000,\000\040\000a\000n\000d\000\040\000P\000r\000o\000o\000f\000s}{chapter.0}% 3
\BOOKMARK [0][-]{chapter.1}{\376\377\000R\000e\000g\000u\000l\000a\000r\000\040\000L\000a\000n\000g\000u\000a\000g\000e\000s}{}% 4
\BOOKMARK [1][-]{section.1.1}{\376\377\000D\000e\000t\000e\000r\000m\000i\000n\000i\000s\000t\000i\000c\000\040\000F\000i\000n\000i\000t\000e\000\040\000A\000u\000t\000o\000m\000a\000t\000a\000\040\000\050\000D\000F\000A\000\051}{chapter.1}% 5
\BOOKMARK [1][-]{section.1.2}{\376\377\000N\000o\000n\000d\000e\000t\000e\000r\000m\000i\000n\000i\000s\000t\000i\000c\000\040\000F\000i\000n\000i\000t\000e\000\040\000A\000u\000t\000o\000m\000a\000t\000a\000\040\000\050\000N\000F\000A\000\051}{chapter.1}% 6
\BOOKMARK [1][-]{section.1.3}{\376\377\000R\000e\000g\000u\000l\000a\000r\000\040\000e\000x\000p\000r\000e\000s\000s\000i\000o\000n\000s}{chapter.1}% 7
\BOOKMARK [1][-]{section.1.4}{\376\377\000P\000u\000m\000p\000i\000n\000g\000\040\000l\000e\000m\000m\000a}{chapter.1}% 8
\BOOKMARK [0][-]{chapter.2}{\376\377\000C\000o\000n\000t\000e\000x\000t\000-\000F\000r\000e\000e\000\040\000L\000a\000n\000g\000u\000a\000g\000e\000s}{}% 9
\BOOKMARK [1][-]{section.2.1}{\376\377\000C\000o\000n\000t\000e\000x\000t\000-\000F\000r\000e\000e\000\040\000G\000r\000a\000m\000m\000a\000r\000s\000\040\000\050\000C\000F\000G\000\051}{chapter.2}% 10
\BOOKMARK [1][-]{section.2.2}{\376\377\000C\000h\000o\000m\000s\000k\000y\000\040\000N\000o\000r\000m\000a\000l\000\040\000F\000o\000r\000m}{chapter.2}% 11
\BOOKMARK [1][-]{section.2.3}{\376\377\000P\000u\000s\000h\000d\000o\000w\000n\000\040\000A\000u\000t\000o\000m\000a\000t\000a}{chapter.2}% 12
\BOOKMARK [1][-]{section.2.4}{\376\377\000D\000e\000t\000e\000r\000m\000i\000n\000i\000s\000t\000i\000c\000\040\000P\000u\000s\000h\000d\000o\000w\000n\000\040\000A\000u\000t\000o\000m\000a\000t\000a}{chapter.2}% 13
\BOOKMARK [0][-]{chapter.3}{\376\377\000T\000h\000e\000\040\000C\000h\000u\000r\000c\000h\000-\000T\000u\000r\000i\000n\000g\000\040\000T\000h\000e\000s\000i\000s}{}% 14
\BOOKMARK [1][-]{section.3.1}{\376\377\000T\000u\000r\000i\000n\000g\000\040\000M\000a\000c\000h\000i\000n\000e\000s}{chapter.3}% 15
\BOOKMARK [1][-]{section.3.2}{\376\377\000M\000u\000l\000t\000i\000-\000t\000a\000p\000e\000\040\000T\000u\000r\000i\000n\000g\000\040\000m\000a\000c\000h\000i\000n\000e\000s}{chapter.3}% 16
\BOOKMARK [1][-]{section.3.3}{\376\377\000N\000o\000n\000d\000e\000t\000e\000r\000m\000i\000n\000i\000s\000t\000i\000c\000\040\000T\000u\000r\000i\000n\000g\000\040\000M\000a\000c\000h\000i\000n\000e\000s}{chapter.3}% 17
\BOOKMARK [1][-]{section.3.4}{\376\377\000H\000i\000l\000b\000e\000r\000t\000'\000s\000\040\000p\000r\000o\000b\000l\000e\000m\000s}{chapter.3}% 18
\BOOKMARK [0][-]{chapter.4}{\376\377\000D\000e\000c\000i\000d\000a\000b\000i\000l\000i\000t\000y}{}% 19
\BOOKMARK [1][-]{section.4.1}{\376\377\000D\000e\000c\000i\000d\000a\000b\000i\000l\000i\000t\000y}{chapter.4}% 20
\BOOKMARK [1][-]{section.4.2}{\376\377\000H\000a\000l\000t\000i\000n\000g\000\040\000P\000r\000o\000b\000l\000e\000m}{chapter.4}% 21
\BOOKMARK [0][-]{chapter.5}{\376\377\000R\000e\000d\000u\000c\000i\000b\000i\000l\000i\000t\000y}{}% 22
\BOOKMARK [1][-]{section.5.1}{\376\377\000R\000e\000d\000u\000c\000i\000b\000i\000l\000i\000t\000y}{chapter.5}% 23
\BOOKMARK [1][-]{section.5.2}{\376\377\000C\000o\000m\000p\000u\000t\000a\000t\000i\000o\000n\000\040\000H\000i\000s\000t\000o\000r\000i\000e\000s}{chapter.5}% 24
\BOOKMARK [0][-]{chapter.6}{\376\377\000C\000o\000m\000p\000l\000e\000x\000i\000t\000y\000\040\000T\000h\000e\000o\000r\000y}{}% 25
\BOOKMARK [1][-]{section.6.1}{\376\377\000B\000i\000g\000-\000O\000\040\000N\000o\000t\000a\000t\000i\000o\000n}{chapter.6}% 26
\BOOKMARK [1][-]{section.6.2}{\376\377\000T\000i\000m\000e\000\040\000C\000o\000m\000p\000l\000e\000x\000i\000t\000y}{chapter.6}% 27
\BOOKMARK [1][-]{section.6.3}{\376\377\000L\000a\000n\000g\000u\000a\000g\000e\000s\000\040\000i\000n\000\040\000P}{chapter.6}% 28
\BOOKMARK [1][-]{section.6.4}{\376\377\000L\000a\000n\000g\000u\000a\000g\000e\000s\000\040\000i\000n\000\040\000N\000P}{chapter.6}% 29
